mode: set
github.com/rorycl/url-shortener/fs.go:14.80,19.20 2 1
github.com/rorycl/url-shortener/fs.go:19.20,21.3 1 1
github.com/rorycl/url-shortener/fs.go:24.2,24.18 1 1
github.com/rorycl/url-shortener/fs.go:24.18,26.3 1 0
github.com/rorycl/url-shortener/fs.go:27.2,28.15 2 1
github.com/rorycl/url-shortener/fs.go:32.27,33.13 1 1
github.com/rorycl/url-shortener/fs.go:33.13,35.3 1 1
github.com/rorycl/url-shortener/fs.go:36.2,36.46 1 1
github.com/rorycl/url-shortener/fs.go:36.46,38.3 1 1
github.com/rorycl/url-shortener/fs.go:39.2,39.13 1 1
github.com/rorycl/url-shortener/server.go:35.32,46.53 6 1
github.com/rorycl/url-shortener/server.go:46.53,48.3 1 1
github.com/rorycl/url-shortener/server.go:49.2,49.54 1 1
github.com/rorycl/url-shortener/server.go:49.54,51.3 1 1
github.com/rorycl/url-shortener/server.go:52.2,66.21 3 1
github.com/rorycl/url-shortener/server.go:66.21,68.3 1 1
github.com/rorycl/url-shortener/server.go:70.2,71.16 2 1
github.com/rorycl/url-shortener/server.go:71.16,73.3 1 0
github.com/rorycl/url-shortener/server.go:74.2,74.12 1 0
github.com/rorycl/url-shortener/server.go:78.39,80.2 1 1
github.com/rorycl/url-shortener/server.go:83.45,87.2 1 1
github.com/rorycl/url-shortener/server.go:90.63,92.16 2 1
github.com/rorycl/url-shortener/server.go:92.16,94.3 1 0
github.com/rorycl/url-shortener/server.go:98.66,106.16 5 1
github.com/rorycl/url-shortener/server.go:106.16,108.3 1 0
github.com/rorycl/url-shortener/server.go:114.69,117.8 3 1
github.com/rorycl/url-shortener/server.go:117.8,120.3 2 1
github.com/rorycl/url-shortener/server.go:122.2,128.16 4 1
github.com/rorycl/url-shortener/server.go:128.16,130.3 1 0
github.com/rorycl/url-shortener/server.go:133.13,135.16 2 0
github.com/rorycl/url-shortener/server.go:135.16,137.3 1 0
github.com/rorycl/url-shortener/server.go:138.2,138.11 1 0
github.com/rorycl/url-shortener/server.go:155.62,157.16 2 1
github.com/rorycl/url-shortener/server.go:157.16,159.3 1 0
github.com/rorycl/url-shortener/server.go:160.2,160.16 1 1
github.com/rorycl/url-shortener/server.go:160.16,162.3 1 0
github.com/rorycl/url-shortener/server.go:163.2,171.16 3 1
github.com/rorycl/url-shortener/server.go:171.16,173.3 1 0
github.com/rorycl/url-shortener/server.go:174.2,175.16 2 1
github.com/rorycl/url-shortener/server.go:175.16,177.3 1 0
github.com/rorycl/url-shortener/server.go:178.2,179.16 2 1
github.com/rorycl/url-shortener/server.go:179.16,181.3 1 0
github.com/rorycl/url-shortener/server.go:184.2,185.16 2 1
github.com/rorycl/url-shortener/server.go:185.16,187.3 1 0
github.com/rorycl/url-shortener/server.go:188.2,189.16 2 1
github.com/rorycl/url-shortener/server.go:189.16,191.3 1 0
github.com/rorycl/url-shortener/server.go:194.2,195.16 2 1
github.com/rorycl/url-shortener/server.go:195.16,197.3 1 0
github.com/rorycl/url-shortener/server.go:198.2,199.16 2 1
github.com/rorycl/url-shortener/server.go:199.16,201.3 1 0
github.com/rorycl/url-shortener/server.go:203.2,203.16 1 1
github.com/rorycl/url-shortener/server.go:207.67,211.2 3 1
github.com/rorycl/url-shortener/tpl.go:27.72,31.2 3 1
github.com/rorycl/url-shortener/tpl.go:35.29,36.45 1 1
github.com/rorycl/url-shortener/tpl.go:36.45,38.3 1 0
github.com/rorycl/url-shortener/tpl.go:39.2,39.21 1 1
github.com/rorycl/url-shortener/tpl.go:39.21,41.17 2 1
github.com/rorycl/url-shortener/tpl.go:41.17,43.4 1 0
github.com/rorycl/url-shortener/tpl.go:44.3,45.32 2 1
github.com/rorycl/url-shortener/tpl.go:45.32,47.4 1 1
github.com/rorycl/url-shortener/tpl.go:48.3,48.22 1 1
github.com/rorycl/url-shortener/tpl.go:50.2,52.16 3 1
github.com/rorycl/url-shortener/tpl.go:52.16,54.3 1 0
github.com/rorycl/url-shortener/tpl.go:55.2,55.12 1 1
github.com/rorycl/url-shortener/tpl.go:59.51,61.16 2 1
github.com/rorycl/url-shortener/tpl.go:61.16,63.3 1 0
github.com/rorycl/url-shortener/tpl.go:64.2,64.31 1 1
github.com/rorycl/url-shortener/urls.go:31.51,34.6 3 1
github.com/rorycl/url-shortener/urls.go:34.6,37.20 3 1
github.com/rorycl/url-shortener/urls.go:37.20,38.9 1 1
github.com/rorycl/url-shortener/urls.go:40.3,40.17 1 1
github.com/rorycl/url-shortener/urls.go:40.17,42.4 1 0
github.com/rorycl/url-shortener/urls.go:43.3,43.23 1 1
github.com/rorycl/url-shortener/urls.go:43.23,45.4 1 1
github.com/rorycl/url-shortener/urls.go:47.3,54.33 4 1
github.com/rorycl/url-shortener/urls.go:54.33,56.4 1 1
github.com/rorycl/url-shortener/urls.go:57.3,57.32 1 1
github.com/rorycl/url-shortener/urls.go:57.32,59.4 1 1
github.com/rorycl/url-shortener/urls.go:60.3,60.42 1 1
github.com/rorycl/url-shortener/urls.go:60.42,62.4 1 1
github.com/rorycl/url-shortener/urls.go:65.3,68.37 2 1
github.com/rorycl/url-shortener/urls.go:68.37,70.4 1 1
github.com/rorycl/url-shortener/urls.go:71.3,71.13 1 1
github.com/rorycl/url-shortener/urls.go:73.2,73.15 1 1
